<?xml version="1.0" encoding="UTF-8"?>
<TestRun id="7ee8fb46-17e0-4996-a396-06602dec3865" name="Administrator@ANIRBDASWIN7L 2014-10-11 23:44:44" runUser="ANIRBDASWIN7L\Administrator" xmlns="http://microsoft.com/schemas/VisualStudio/TeamTest/2010">
  <TestSettings name="Default Test Settings" id="68fbf89b-85dc-4a7d-bc48-209454a75268">
    <Deployment runDeploymentRoot="Administrator_ANIRBDASWIN7L 2014-10-11 23_44_44">
      <DeploymentItem filename="D:\Amit\VisualStudioWorkSpace\MedicalInventory\Dependencies\EntityFramework.dll" />
    </Deployment>
    <Execution>
      <TestTypeSpecific />
      <AgentRule name="Execution Agents">
      </AgentRule>
    </Execution>
  </TestSettings>
  <Times creation="2014-10-11T23:44:44.3443311+05:30" queuing="2014-10-11T23:45:16.3621624+05:30" start="2014-10-11T23:45:17.2012104+05:30" finish="2014-10-11T23:45:22.2815010+05:30" />
  <ResultSummary outcome="Completed">
    <Counters total="1" executed="1" passed="1" error="0" failed="0" timeout="0" aborted="0" inconclusive="0" passedButRunAborted="0" notRunnable="0" notExecuted="0" disconnected="0" warning="0" completed="0" inProgress="0" pending="0" />
  </ResultSummary>
  <TestDefinitions>
    <UnitTest name="CanCreateDB" storage="d:\amit\visualstudioworkspace\medicalinventory\tests\medinventus.data.tests\bin\debug\medinventus.data.tests.dll" id="f562f261-9ccf-7609-510c-0bdf36c75aa5">
      <Execution id="3cd6fe5e-3425-4522-b9bc-1fe42e4bc8af" />
      <TestMethod codeBase="D:/Amit/VisualStudioWorkSpace/MedicalInventory/Tests/MedInventus.Data.Tests/bin/Debug/MedInventus.Data.Tests.DLL" adapterTypeName="Microsoft.VisualStudio.TestTools.TestTypes.Unit.UnitTestAdapter, Microsoft.VisualStudio.QualityTools.Tips.UnitTest.Adapter, Version=10.0.0.0, Culture=neutral, PublicKeyToken=b03f5f7f11d50a3a" className="MedInventus.Data.Tests.FunctionalTests.DBGenericTests, MedInventus.Data.Tests, Version=1.0.0.0, Culture=neutral, PublicKeyToken=null" name="CanCreateDB" />
    </UnitTest>
  </TestDefinitions>
  <TestLists>
    <TestList name="Results Not in a List" id="8c84fa94-04c1-424b-9868-57a2d4851a1d" />
    <TestList name="All Loaded Results" id="19431567-8539-422a-85d7-44ee4e166bda" />
  </TestLists>
  <TestEntries>
    <TestEntry testId="f562f261-9ccf-7609-510c-0bdf36c75aa5" executionId="3cd6fe5e-3425-4522-b9bc-1fe42e4bc8af" testListId="8c84fa94-04c1-424b-9868-57a2d4851a1d" />
  </TestEntries>
  <Results>
    <UnitTestResult executionId="3cd6fe5e-3425-4522-b9bc-1fe42e4bc8af" testId="f562f261-9ccf-7609-510c-0bdf36c75aa5" testName="CanCreateDB" computerName="ANIRBDASWIN7L" duration="00:00:00.0159040" startTime="2014-10-11T23:45:17.7012390+05:30" endTime="2014-10-11T23:45:19.8773635+05:30" testType="13cdc9d9-ddb5-4fa4-a97d-d965ccfc6d4b" outcome="Passed" testListId="8c84fa94-04c1-424b-9868-57a2d4851a1d" relativeResultsDirectory="3cd6fe5e-3425-4522-b9bc-1fe42e4bc8af">
    </UnitTestResult>
  </Results>
</TestRun>